{
  "0 debug pnpm:scope": {
    "selected": 1
  },
  "1 error pnpm": {
    "errno": 1,
    "code": "ELIFECYCLE",
    "pkgid": "svelte-material-basic@0.0.2",
    "stage": "dev",
    "script": "svelte-kit dev -p 4000",
    "pkgname": "svelte-material-basic",
    "err": {
      "name": "Error",
      "message": "svelte-material-basic@0.0.2 dev: `svelte-kit dev -p 4000`\nExit status 1",
      "code": "ELIFECYCLE",
      "stack": "Error: svelte-material-basic@0.0.2 dev: `svelte-kit dev -p 4000`\nExit status 1\n    at EventEmitter.<anonymous> (C:\\Users\\orcaon\\AppData\\Roaming\\npm\\node_modules\\pnpm\\dist\\pnpm.cjs:106006:20)\n    at EventEmitter.emit (events.js:315:20)\n    at ChildProcess.<anonymous> (C:\\Users\\orcaon\\AppData\\Roaming\\npm\\node_modules\\pnpm\\dist\\pnpm.cjs:94312:18)\n    at ChildProcess.emit (events.js:315:20)\n    at maybeClose (internal/child_process.js:1048:16)\n    at Process.ChildProcess._handle.onexit (internal/child_process.js:288:5)"
    }
  },
  "2 warn pnpm:global": " Local package.json exists, but node_modules missing, did you mean to install?"
}